[2022-11-30 00:06:22,835] [INFO] [WIN-ARSJMJG0IBM][conftest.py - line:12] 自动化测试开始!
[2022-11-30 00:06:22,836] [INFO] [WIN-ARSJMJG0IBM][ios_driver.py - line:12] ios设备启动初始化
[2022-11-30 00:06:22,836] [INFO] [WIN-ARSJMJG0IBM][ios_driver.py - line:18] 已连接设备
[2022-11-30 00:06:22,836] [INFO] [WIN-ARSJMJG0IBM][conftest.py - line:14] driver初始化
[2022-11-30 00:06:24,180] [INFO] [WIN-ARSJMJG0IBM][test_007_gift_send_grow.py - line:17] 初始化进入直播间
[2022-11-30 00:06:31,209] [INFO] [WIN-ARSJMJG0IBM][base.py - line:22] 「搜索按钮」
[2022-11-30 00:06:39,949] [INFO] [WIN-ARSJMJG0IBM][base.py - line:46] 「输入搜索内容-Test12284163」
[2022-11-30 00:06:48,146] [INFO] [WIN-ARSJMJG0IBM][base.py - line:22] 「搜索按钮」
[2022-11-30 00:06:50,020] [INFO] [WIN-ARSJMJG0IBM][base.py - line:59] 「等待直播间出现」
[2022-11-30 00:06:55,494] [INFO] [WIN-ARSJMJG0IBM][base.py - line:22] 「点击直播间」
[2022-11-30 00:07:01,724] [INFO] [WIN-ARSJMJG0IBM][base.py - line:32] 「点击礼物面板」
[2022-11-30 00:07:15,397] [INFO] [WIN-ARSJMJG0IBM][base.py - line:22] 「点击切换到礼物-趣味tab」
[2022-11-30 00:07:25,141] [INFO] [WIN-ARSJMJG0IBM][base.py - line:22] 「点击成长礼物-玫瑰」
[2022-11-30 00:07:33,362] [INFO] [WIN-ARSJMJG0IBM][base.py - line:32] 「点击赠送按钮」
[2022-11-30 00:07:33,427] [INFO] [WIN-ARSJMJG0IBM][test_007_gift_send_grow.py - line:20] 结束进入直播间
[2022-11-30 00:07:33,428] [INFO] [WIN-ARSJMJG0IBM][conftest.py - line:19] 自动化测试结束!
[2022-11-30 00:07:36,679] [INFO] [WIN-ARSJMJG0IBM][run.py - line:15] 报告地址:e:\ele_workspace\ios_auto/reports/index.html
[2022-11-30 00:08:16,020] [INFO] [WIN-ARSJMJG0IBM][conftest.py - line:12] 自动化测试开始!
[2022-11-30 00:08:16,020] [INFO] [WIN-ARSJMJG0IBM][ios_driver.py - line:12] ios设备启动初始化
[2022-11-30 00:08:16,020] [INFO] [WIN-ARSJMJG0IBM][ios_driver.py - line:18] 已连接设备
[2022-11-30 00:08:16,020] [INFO] [WIN-ARSJMJG0IBM][conftest.py - line:14] driver初始化
[2022-11-30 00:08:24,400] [INFO] [WIN-ARSJMJG0IBM][test_007_gift_send_grow.py - line:17] 初始化进入直播间
[2022-11-30 00:08:26,764] [INFO] [WIN-ARSJMJG0IBM][base.py - line:22] 「搜索按钮」
[2022-11-30 00:08:36,448] [INFO] [WIN-ARSJMJG0IBM][base.py - line:46] 「输入搜索内容-Test12284163」
[2022-11-30 00:08:40,696] [INFO] [WIN-ARSJMJG0IBM][base.py - line:22] 「搜索按钮」
[2022-11-30 00:08:43,361] [INFO] [WIN-ARSJMJG0IBM][base.py - line:59] 「等待直播间出现」
[2022-11-30 00:08:46,286] [INFO] [WIN-ARSJMJG0IBM][base.py - line:22] 「点击直播间」
[2022-11-30 00:08:49,705] [INFO] [WIN-ARSJMJG0IBM][base.py - line:32] 「点击礼物面板」
[2022-11-30 00:09:01,408] [INFO] [WIN-ARSJMJG0IBM][base.py - line:22] 「点击切换到礼物-趣味tab」
[2022-11-30 00:09:07,100] [INFO] [WIN-ARSJMJG0IBM][base.py - line:22] 「点击成长礼物-玫瑰」
[2022-11-30 00:09:11,754] [INFO] [WIN-ARSJMJG0IBM][base.py - line:32] 「点击赠送按钮」
[2022-11-30 00:09:17,127] [INFO] [WIN-ARSJMJG0IBM][base.py - line:32] 「关闭面板」
[2022-11-30 00:09:22,151] [INFO] [WIN-ARSJMJG0IBM][base.py - line:71] 断言「35」元素值为「35」,成功了!
[2022-11-30 00:09:22,152] [INFO] [WIN-ARSJMJG0IBM][test_007_gift_send_grow.py - line:20] 结束进入直播间
[2022-11-30 00:09:22,153] [INFO] [WIN-ARSJMJG0IBM][conftest.py - line:19] 自动化测试结束!
[2022-11-30 00:09:24,979] [INFO] [WIN-ARSJMJG0IBM][run.py - line:15] 报告地址:e:\ele_workspace\ios_auto/reports/index.html
[2022-11-30 00:10:08,291] [INFO] [WIN-ARSJMJG0IBM][conftest.py - line:12] 自动化测试开始!
[2022-11-30 00:10:08,291] [INFO] [WIN-ARSJMJG0IBM][ios_driver.py - line:12] ios设备启动初始化
[2022-11-30 00:10:08,292] [INFO] [WIN-ARSJMJG0IBM][ios_driver.py - line:18] 已连接设备
[2022-11-30 00:10:08,292] [INFO] [WIN-ARSJMJG0IBM][conftest.py - line:14] driver初始化
[2022-11-30 00:10:14,016] [INFO] [WIN-ARSJMJG0IBM][test_008_gift_send_grow_unlock.py - line:17] 初始化进入直播间
[2022-11-30 00:10:16,590] [INFO] [WIN-ARSJMJG0IBM][base.py - line:22] 「搜索按钮」
[2022-11-30 00:10:21,709] [INFO] [WIN-ARSJMJG0IBM][base.py - line:46] 「输入搜索内容-Test12284163」
[2022-11-30 00:10:24,830] [INFO] [WIN-ARSJMJG0IBM][base.py - line:22] 「搜索按钮」
[2022-11-30 00:10:31,413] [INFO] [WIN-ARSJMJG0IBM][base.py - line:59] 「等待直播间出现」
[2022-11-30 00:10:33,792] [INFO] [WIN-ARSJMJG0IBM][base.py - line:22] 「点击直播间」
[2022-11-30 00:10:36,432] [INFO] [WIN-ARSJMJG0IBM][base.py - line:32] 「点击礼物面板」
[2022-11-30 00:10:42,179] [INFO] [WIN-ARSJMJG0IBM][base.py - line:22] 「点击切换到礼物-趣味tab」
[2022-11-30 00:10:48,611] [INFO] [WIN-ARSJMJG0IBM][base.py - line:22] 「点击成长礼物-玫瑰」
[2022-11-30 00:10:56,025] [INFO] [WIN-ARSJMJG0IBM][base.py - line:22] 「点击成长礼物-玫瑰」
[2022-11-30 00:21:28,355] [INFO] [WIN-ARSJMJG0IBM][base.py - line:99] 点击元素:「赠送按钮」「100」次 
[2022-11-30 00:21:39,818] [INFO] [WIN-ARSJMJG0IBM][base.py - line:22] 「点击成长礼物-玫瑰花丛」
[2022-11-30 00:21:45,881] [INFO] [WIN-ARSJMJG0IBM][base.py - line:32] 「点击赠送按钮」
[2022-11-30 00:21:58,594] [INFO] [WIN-ARSJMJG0IBM][test_008_gift_send_grow_unlock.py - line:20] 结束进入直播间
[2022-11-30 00:21:58,595] [INFO] [WIN-ARSJMJG0IBM][conftest.py - line:19] 自动化测试结束!
[2022-11-30 00:22:01,909] [INFO] [WIN-ARSJMJG0IBM][run.py - line:15] 报告地址:e:\ele_workspace\ios_auto/reports/index.html
[2022-11-30 00:22:56,398] [INFO] [WIN-ARSJMJG0IBM][conftest.py - line:12] 自动化测试开始!
[2022-11-30 00:22:56,398] [INFO] [WIN-ARSJMJG0IBM][ios_driver.py - line:12] ios设备启动初始化
[2022-11-30 00:22:56,398] [INFO] [WIN-ARSJMJG0IBM][ios_driver.py - line:18] 已连接设备
[2022-11-30 00:22:56,399] [INFO] [WIN-ARSJMJG0IBM][conftest.py - line:14] driver初始化
[2022-11-30 00:23:04,396] [INFO] [WIN-ARSJMJG0IBM][test_009_gift_send_filter.py - line:17] 初始化进入直播间
[2022-11-30 00:23:07,121] [INFO] [WIN-ARSJMJG0IBM][base.py - line:22] 「搜索按钮」
[2022-11-30 00:23:17,353] [INFO] [WIN-ARSJMJG0IBM][base.py - line:46] 「输入搜索内容-Test12284163」
[2022-11-30 00:23:21,387] [INFO] [WIN-ARSJMJG0IBM][base.py - line:22] 「搜索按钮」
[2022-11-30 00:23:31,604] [INFO] [WIN-ARSJMJG0IBM][base.py - line:59] 「等待直播间出现」
[2022-11-30 00:23:35,689] [INFO] [WIN-ARSJMJG0IBM][base.py - line:22] 「点击直播间」
[2022-11-30 00:23:39,591] [INFO] [WIN-ARSJMJG0IBM][base.py - line:32] 「点击礼物面板」
[2022-11-30 00:23:49,556] [INFO] [WIN-ARSJMJG0IBM][base.py - line:22] 「点击切换到礼物-趣味tab」
[2022-11-30 00:23:49,620] [INFO] [WIN-ARSJMJG0IBM][test_009_gift_send_filter.py - line:20] 结束进入直播间
[2022-11-30 00:23:49,620] [INFO] [WIN-ARSJMJG0IBM][conftest.py - line:19] 自动化测试结束!
[2022-11-30 00:23:52,333] [INFO] [WIN-ARSJMJG0IBM][run.py - line:15] 报告地址:e:\ele_workspace\ios_auto/reports/index.html
[2022-11-30 00:24:58,071] [INFO] [WIN-ARSJMJG0IBM][conftest.py - line:12] 自动化测试开始!
[2022-11-30 00:24:58,072] [INFO] [WIN-ARSJMJG0IBM][ios_driver.py - line:12] ios设备启动初始化
[2022-11-30 00:24:58,072] [INFO] [WIN-ARSJMJG0IBM][ios_driver.py - line:18] 已连接设备
[2022-11-30 00:24:58,072] [INFO] [WIN-ARSJMJG0IBM][conftest.py - line:14] driver初始化
[2022-11-30 00:25:02,892] [INFO] [WIN-ARSJMJG0IBM][test_009_gift_send_filter.py - line:17] 初始化进入直播间
[2022-11-30 00:25:05,090] [INFO] [WIN-ARSJMJG0IBM][base.py - line:22] 「搜索按钮」
[2022-11-30 00:25:10,615] [INFO] [WIN-ARSJMJG0IBM][base.py - line:46] 「输入搜索内容-Test12284163」
[2022-11-30 00:25:13,267] [INFO] [WIN-ARSJMJG0IBM][base.py - line:22] 「搜索按钮」
[2022-11-30 00:25:17,611] [INFO] [WIN-ARSJMJG0IBM][base.py - line:59] 「等待直播间出现」
[2022-11-30 00:25:19,633] [INFO] [WIN-ARSJMJG0IBM][base.py - line:22] 「点击直播间」
[2022-11-30 00:25:22,198] [INFO] [WIN-ARSJMJG0IBM][base.py - line:32] 「点击礼物面板」
[2022-11-30 00:25:26,653] [INFO] [WIN-ARSJMJG0IBM][base.py - line:22] 「点击切换到礼物-趣味tab」
[2022-11-30 00:25:37,499] [WARNING] [WIN-ARSJMJG0IBM][api.py - line:40] WDARequestError(status=110, value={'error': 'stale element reference', 'message': 'The previously found element ""春田花花" StaticText" is not present in the current view anymore. Make sure the application UI has the expected state. You could also try to switch the binding strategy using the \'boundElementsByIndex\' setting for the element lookup. Original error: No matches found for Identity Binding from input {(\n    StaticText, {{116.7, 536.9}, {86.0, 15.3}}, label: \'春田花花\'\n)}'}), retrying in 0.5 seconds...
[2022-11-30 00:25:41,471] [INFO] [WIN-ARSJMJG0IBM][base.py - line:22] 「点击滤镜礼物-春田花花」
[2022-11-30 00:25:43,826] [INFO] [WIN-ARSJMJG0IBM][base.py - line:32] 「点击赠送按钮」
[2022-11-30 00:25:48,605] [INFO] [WIN-ARSJMJG0IBM][base.py - line:71] 断言「11」元素值为「11」,成功了!
[2022-11-30 00:25:48,606] [INFO] [WIN-ARSJMJG0IBM][test_009_gift_send_filter.py - line:20] 结束进入直播间
[2022-11-30 00:25:48,606] [INFO] [WIN-ARSJMJG0IBM][conftest.py - line:19] 自动化测试结束!
[2022-11-30 00:25:51,303] [INFO] [WIN-ARSJMJG0IBM][run.py - line:15] 报告地址:e:\ele_workspace\ios_auto/reports/index.html
[2022-11-30 00:26:14,069] [INFO] [WIN-ARSJMJG0IBM][conftest.py - line:12] 自动化测试开始!
[2022-11-30 00:26:14,069] [INFO] [WIN-ARSJMJG0IBM][ios_driver.py - line:12] ios设备启动初始化
[2022-11-30 00:26:14,070] [INFO] [WIN-ARSJMJG0IBM][ios_driver.py - line:18] 已连接设备
[2022-11-30 00:26:14,070] [INFO] [WIN-ARSJMJG0IBM][conftest.py - line:14] driver初始化
[2022-11-30 00:26:20,166] [INFO] [WIN-ARSJMJG0IBM][test_010_gift_send_game.py - line:17] 初始化进入直播间
[2022-11-30 00:26:21,961] [INFO] [WIN-ARSJMJG0IBM][base.py - line:22] 「搜索按钮」
[2022-11-30 00:26:28,363] [INFO] [WIN-ARSJMJG0IBM][base.py - line:46] 「输入搜索内容-Test12284163」
[2022-11-30 00:26:31,380] [INFO] [WIN-ARSJMJG0IBM][base.py - line:22] 「搜索按钮」
[2022-11-30 00:26:37,149] [INFO] [WIN-ARSJMJG0IBM][base.py - line:59] 「等待直播间出现」
[2022-11-30 00:26:39,464] [INFO] [WIN-ARSJMJG0IBM][base.py - line:22] 「点击直播间」
[2022-11-30 00:26:42,243] [INFO] [WIN-ARSJMJG0IBM][base.py - line:32] 「点击礼物面板」
[2022-11-30 00:26:56,487] [INFO] [WIN-ARSJMJG0IBM][test_010_gift_send_game.py - line:20] 结束进入直播间
[2022-11-30 00:26:56,487] [INFO] [WIN-ARSJMJG0IBM][conftest.py - line:19] 自动化测试结束!
[2022-11-30 00:26:59,210] [INFO] [WIN-ARSJMJG0IBM][run.py - line:15] 报告地址:e:\ele_workspace\ios_auto/reports/index.html
[2022-11-30 00:28:02,379] [INFO] [WIN-ARSJMJG0IBM][conftest.py - line:12] 自动化测试开始!
[2022-11-30 00:28:02,380] [INFO] [WIN-ARSJMJG0IBM][ios_driver.py - line:12] ios设备启动初始化
[2022-11-30 00:28:02,380] [INFO] [WIN-ARSJMJG0IBM][ios_driver.py - line:18] 已连接设备
[2022-11-30 00:28:02,380] [INFO] [WIN-ARSJMJG0IBM][conftest.py - line:14] driver初始化
[2022-11-30 00:28:03,582] [INFO] [WIN-ARSJMJG0IBM][test_010_gift_send_game.py - line:17] 初始化进入直播间
[2022-11-30 00:28:05,807] [INFO] [WIN-ARSJMJG0IBM][base.py - line:22] 「搜索按钮」
[2022-11-30 00:28:09,820] [INFO] [WIN-ARSJMJG0IBM][base.py - line:46] 「输入搜索内容-Test12284163」
[2022-11-30 00:28:13,474] [INFO] [WIN-ARSJMJG0IBM][base.py - line:22] 「搜索按钮」
[2022-11-30 00:28:14,306] [INFO] [WIN-ARSJMJG0IBM][base.py - line:59] 「等待直播间出现」
[2022-11-30 00:28:17,121] [INFO] [WIN-ARSJMJG0IBM][base.py - line:22] 「点击直播间」
[2022-11-30 00:28:20,488] [INFO] [WIN-ARSJMJG0IBM][base.py - line:32] 「点击礼物面板」
[2022-11-30 00:28:25,999] [INFO] [WIN-ARSJMJG0IBM][base.py - line:22] 「点击切换到礼物-热门tab」
[2022-11-30 00:28:32,330] [INFO] [WIN-ARSJMJG0IBM][test_010_gift_send_game.py - line:20] 结束进入直播间
[2022-11-30 00:28:32,331] [INFO] [WIN-ARSJMJG0IBM][conftest.py - line:19] 自动化测试结束!
[2022-11-30 00:28:34,918] [INFO] [WIN-ARSJMJG0IBM][run.py - line:15] 报告地址:e:\ele_workspace\ios_auto/reports/index.html
[2022-11-30 00:32:24,232] [INFO] [WIN-ARSJMJG0IBM][conftest.py - line:12] 自动化测试开始!
[2022-11-30 00:32:24,232] [INFO] [WIN-ARSJMJG0IBM][ios_driver.py - line:12] ios设备启动初始化
[2022-11-30 00:32:24,232] [INFO] [WIN-ARSJMJG0IBM][ios_driver.py - line:18] 已连接设备
[2022-11-30 00:32:24,232] [INFO] [WIN-ARSJMJG0IBM][conftest.py - line:14] driver初始化
[2022-11-30 00:32:25,649] [INFO] [WIN-ARSJMJG0IBM][test_010_gift_send_game.py - line:17] 初始化进入直播间
[2022-11-30 00:32:30,644] [INFO] [WIN-ARSJMJG0IBM][base.py - line:22] 「搜索按钮」
[2022-11-30 00:32:35,546] [INFO] [WIN-ARSJMJG0IBM][base.py - line:46] 「输入搜索内容-Test12284163」
[2022-11-30 00:32:39,662] [INFO] [WIN-ARSJMJG0IBM][base.py - line:22] 「搜索按钮」
[2022-11-30 00:32:41,740] [INFO] [WIN-ARSJMJG0IBM][base.py - line:59] 「等待直播间出现」
[2022-11-30 00:32:45,269] [INFO] [WIN-ARSJMJG0IBM][base.py - line:22] 「点击直播间」
[2022-11-30 00:32:48,562] [INFO] [WIN-ARSJMJG0IBM][base.py - line:32] 「点击礼物面板」
[2022-11-30 00:33:00,567] [INFO] [WIN-ARSJMJG0IBM][base.py - line:22] 「点击礼物栏-象豆tab」
[2022-11-30 00:33:05,220] [INFO] [WIN-ARSJMJG0IBM][base.py - line:22] 「点击游戏礼物-幸运钥匙」
[2022-11-30 00:33:08,422] [INFO] [WIN-ARSJMJG0IBM][base.py - line:32] 「点击赠送按钮」
[2022-11-30 00:33:18,726] [INFO] [WIN-ARSJMJG0IBM][test_010_gift_send_game.py - line:20] 结束进入直播间
[2022-11-30 00:33:18,727] [INFO] [WIN-ARSJMJG0IBM][conftest.py - line:19] 自动化测试结束!
[2022-11-30 00:33:21,388] [INFO] [WIN-ARSJMJG0IBM][run.py - line:15] 报告地址:e:\ele_workspace\ios_auto/reports/index.html
[2022-11-30 00:34:19,191] [INFO] [WIN-ARSJMJG0IBM][conftest.py - line:12] 自动化测试开始!
[2022-11-30 00:34:19,191] [INFO] [WIN-ARSJMJG0IBM][ios_driver.py - line:12] ios设备启动初始化
[2022-11-30 00:34:19,191] [INFO] [WIN-ARSJMJG0IBM][ios_driver.py - line:18] 已连接设备
[2022-11-30 00:34:19,191] [INFO] [WIN-ARSJMJG0IBM][conftest.py - line:14] driver初始化
[2022-11-30 00:34:20,516] [INFO] [WIN-ARSJMJG0IBM][test_010_gift_send_game.py - line:17] 初始化进入直播间
[2022-11-30 00:34:23,343] [INFO] [WIN-ARSJMJG0IBM][base.py - line:22] 「搜索按钮」
[2022-11-30 00:34:28,148] [INFO] [WIN-ARSJMJG0IBM][base.py - line:46] 「输入搜索内容-Test12284163」
[2022-11-30 00:34:32,009] [INFO] [WIN-ARSJMJG0IBM][base.py - line:22] 「搜索按钮」
[2022-11-30 00:34:34,238] [INFO] [WIN-ARSJMJG0IBM][base.py - line:59] 「等待直播间出现」
[2022-11-30 00:34:37,866] [INFO] [WIN-ARSJMJG0IBM][base.py - line:22] 「点击直播间」
[2022-11-30 00:34:40,748] [INFO] [WIN-ARSJMJG0IBM][base.py - line:32] 「点击礼物面板」
[2022-11-30 00:34:52,782] [INFO] [WIN-ARSJMJG0IBM][base.py - line:22] 「点击礼物栏-象豆tab」
[2022-11-30 00:34:59,047] [INFO] [WIN-ARSJMJG0IBM][base.py - line:22] 「点击游戏礼物-幸运钥匙」
[2022-11-30 00:35:03,667] [INFO] [WIN-ARSJMJG0IBM][base.py - line:32] 「点击赠送按钮」
[2022-11-30 00:35:16,206] [INFO] [WIN-ARSJMJG0IBM][test_010_gift_send_game.py - line:20] 结束进入直播间
[2022-11-30 00:35:16,207] [INFO] [WIN-ARSJMJG0IBM][conftest.py - line:19] 自动化测试结束!
[2022-11-30 00:35:18,831] [INFO] [WIN-ARSJMJG0IBM][run.py - line:15] 报告地址:e:\ele_workspace\ios_auto/reports/index.html
[2022-11-30 00:40:56,543] [INFO] [WIN-ARSJMJG0IBM][conftest.py - line:12] 自动化测试开始!
[2022-11-30 00:40:56,543] [INFO] [WIN-ARSJMJG0IBM][ios_driver.py - line:12] ios设备启动初始化
[2022-11-30 00:40:56,544] [INFO] [WIN-ARSJMJG0IBM][ios_driver.py - line:18] 已连接设备
[2022-11-30 00:40:56,544] [INFO] [WIN-ARSJMJG0IBM][conftest.py - line:14] driver初始化
[2022-11-30 00:40:58,770] [INFO] [WIN-ARSJMJG0IBM][test_010_gift_send_game.py - line:17] 初始化进入直播间
[2022-11-30 00:41:04,942] [INFO] [WIN-ARSJMJG0IBM][base.py - line:22] 「搜索按钮」
[2022-11-30 00:41:13,328] [INFO] [WIN-ARSJMJG0IBM][base.py - line:46] 「输入搜索内容-Test12284163」
[2022-11-30 00:41:21,656] [INFO] [WIN-ARSJMJG0IBM][base.py - line:22] 「搜索按钮」
[2022-11-30 00:41:24,154] [INFO] [WIN-ARSJMJG0IBM][base.py - line:59] 「等待直播间出现」
[2022-11-30 00:41:30,629] [INFO] [WIN-ARSJMJG0IBM][base.py - line:22] 「点击直播间」
[2022-11-30 00:41:36,056] [INFO] [WIN-ARSJMJG0IBM][base.py - line:32] 「点击礼物面板」
[2022-11-30 00:42:06,902] [INFO] [WIN-ARSJMJG0IBM][base.py - line:22] 「点击礼物栏-象豆tab」
[2022-11-30 00:42:17,402] [INFO] [WIN-ARSJMJG0IBM][base.py - line:22] 「点击游戏礼物-幸运钥匙」
[2022-11-30 00:42:24,029] [INFO] [WIN-ARSJMJG0IBM][base.py - line:32] 「点击赠送按钮」
[2022-11-30 00:42:31,626] [INFO] [WIN-ARSJMJG0IBM][base.py - line:32] 「关闭面板」
[2022-11-30 00:42:36,619] [INFO] [WIN-ARSJMJG0IBM][base.py - line:32] 「点击礼物面板」
[2022-11-30 00:42:48,455] [INFO] [WIN-ARSJMJG0IBM][test_010_gift_send_game.py - line:20] 结束进入直播间
[2022-11-30 00:42:48,456] [INFO] [WIN-ARSJMJG0IBM][conftest.py - line:19] 自动化测试结束!
[2022-11-30 00:42:53,156] [INFO] [WIN-ARSJMJG0IBM][run.py - line:15] 报告地址:e:\ele_workspace\ios_auto/reports/index.html
[2022-11-30 00:44:01,916] [INFO] [WIN-ARSJMJG0IBM][conftest.py - line:12] 自动化测试开始!
[2022-11-30 00:44:01,916] [INFO] [WIN-ARSJMJG0IBM][ios_driver.py - line:12] ios设备启动初始化
[2022-11-30 00:44:01,917] [INFO] [WIN-ARSJMJG0IBM][ios_driver.py - line:18] 已连接设备
[2022-11-30 00:44:01,917] [INFO] [WIN-ARSJMJG0IBM][conftest.py - line:14] driver初始化
[2022-11-30 00:44:09,797] [INFO] [WIN-ARSJMJG0IBM][test_010_gift_send_game.py - line:17] 初始化进入直播间
[2022-11-30 00:44:12,689] [INFO] [WIN-ARSJMJG0IBM][base.py - line:22] 「搜索按钮」
[2022-11-30 00:44:23,363] [INFO] [WIN-ARSJMJG0IBM][base.py - line:46] 「输入搜索内容-Test12284163」
[2022-11-30 00:44:26,987] [INFO] [WIN-ARSJMJG0IBM][base.py - line:22] 「搜索按钮」
[2022-11-30 00:44:37,247] [INFO] [WIN-ARSJMJG0IBM][base.py - line:59] 「等待直播间出现」
[2022-11-30 00:44:47,676] [INFO] [WIN-ARSJMJG0IBM][base.py - line:22] 「点击直播间」
[2022-11-30 00:44:51,411] [INFO] [WIN-ARSJMJG0IBM][base.py - line:32] 「点击礼物面板」
[2022-11-30 00:45:04,951] [INFO] [WIN-ARSJMJG0IBM][base.py - line:22] 「点击礼物栏-象豆tab」
[2022-11-30 00:45:08,578] [INFO] [WIN-ARSJMJG0IBM][base.py - line:22] 「点击游戏礼物-幸运钥匙」
[2022-11-30 00:45:11,067] [INFO] [WIN-ARSJMJG0IBM][base.py - line:32] 「点击赠送按钮」
[2022-11-30 00:45:13,887] [INFO] [WIN-ARSJMJG0IBM][base.py - line:32] 「关闭面板」
[2022-11-30 00:45:15,307] [INFO] [WIN-ARSJMJG0IBM][base.py - line:32] 「点击礼物面板」
[2022-11-30 00:45:21,174] [INFO] [WIN-ARSJMJG0IBM][test_010_gift_send_game.py - line:20] 结束进入直播间
[2022-11-30 00:45:21,175] [INFO] [WIN-ARSJMJG0IBM][conftest.py - line:19] 自动化测试结束!
[2022-11-30 00:45:24,219] [INFO] [WIN-ARSJMJG0IBM][run.py - line:15] 报告地址:e:\ele_workspace\ios_auto/reports/index.html
